<?xml version="1.0" encoding="UTF-8"?>
<testng-results skipped="0" failed="0" ignored="0" total="0" passed="0">
  <reporter-output>
  </reporter-output>
  <suite name="TestRunner" duration-ms="7" started-at="2022-10-12T16:19:37 ECT" finished-at="2022-10-12T16:19:37 ECT">
    <groups>
    </groups>
    <test name="Command line test" duration-ms="7" started-at="2022-10-12T16:19:37 ECT" finished-at="2022-10-12T16:19:37 ECT">
    </test> <!-- Command line test -->
  </suite> <!-- TestRunner -->
</testng-results>
